::1 - - [02/Feb/2024:23:49:55 +0200] "GET / HTTP/1.1" 200 226
::1 - - [02/Feb/2024:23:49:55 +0200] "GET /favicon.ico HTTP/1.1" 404 301
::1 - - [03/Feb/2024:14:24:18 +0200] "GET / HTTP/1.1" 200 369
::1 - - [03/Feb/2024:14:24:18 +0200] "GET /favicon.ico HTTP/1.1" 404 301
::1 - - [03/Feb/2024:14:35:29 +0200] "GET / HTTP/1.1" 200 1188
::1 - - [03/Feb/2024:14:36:09 +0200] "GET / HTTP/1.1" 200 1230
::1 - - [03/Feb/2024:14:36:49 +0200] "GET / HTTP/1.1" 200 1252
::1 - - [03/Feb/2024:14:37:44 +0200] "GET / HTTP/1.1" 200 1249
::1 - - [03/Feb/2024:14:38:44 +0200] "GET / HTTP/1.1" 200 5108
::1 - - [03/Feb/2024:14:38:56 +0200] "GET / HTTP/1.1" 200 4580
::1 - - [03/Feb/2024:14:39:03 +0200] "GET / HTTP/1.1" 200 5108
::1 - - [03/Feb/2024:14:40:51 +0200] "GET / HTTP/1.1" 200 5119
::1 - - [03/Feb/2024:14:40:52 +0200] "GET /basics.html HTTP/1.1" 404 301
::1 - - [03/Feb/2024:14:41:02 +0200] "GET /basics.html HTTP/1.1" 404 301
::1 - - [03/Feb/2024:14:41:04 +0200] "GET /basics.html HTTP/1.1" 404 301
::1 - - [03/Feb/2024:14:41:08 +0200] "GET / HTTP/1.1" 200 5118
::1 - - [03/Feb/2024:14:41:10 +0200] "GET /basics.php HTTP/1.1" 404 301
::1 - - [03/Feb/2024:14:41:24 +0200] "GET /basics.php HTTP/1.1" 200 1201
::1 - - [03/Feb/2024:14:42:15 +0200] "GET /basics.php HTTP/1.1" 200 1201
::1 - - [03/Feb/2024:14:42:18 +0200] "GET / HTTP/1.1" 200 5165
::1 - - [03/Feb/2024:14:43:36 +0200] "GET / HTTP/1.1" 200 5157
::1 - - [03/Feb/2024:14:43:36 +0200] "GET /images/php-logo.svg HTTP/1.1" 200 10316
::1 - - [03/Feb/2024:14:43:51 +0200] "GET / HTTP/1.1" 200 5177
::1 - - [03/Feb/2024:14:43:51 +0200] "GET /images/php-logo.svg HTTP/1.1" 304 -
::1 - - [03/Feb/2024:14:43:58 +0200] "GET / HTTP/1.1" 200 5191
::1 - - [03/Feb/2024:14:43:58 +0200] "GET /images/php-logo.svg HTTP/1.1" 304 -
::1 - - [03/Feb/2024:14:44:11 +0200] "GET / HTTP/1.1" 200 5141
::1 - - [03/Feb/2024:14:44:11 +0200] "GET /images/php-logo.svg HTTP/1.1" 304 -
::1 - - [03/Feb/2024:14:44:50 +0200] "GET / HTTP/1.1" 200 5118
::1 - - [03/Feb/2024:14:44:51 +0200] "GET / HTTP/1.1" 200 5118
::1 - - [09/Feb/2024:19:53:11 +0200] "GET / HTTP/1.1" 200 5118
::1 - - [09/Feb/2024:19:53:11 +0200] "GET /favicon.ico HTTP/1.1" 404 301
::1 - - [09/Feb/2024:19:53:13 +0200] "GET /basics.php HTTP/1.1" 200 3402
::1 - - [09/Feb/2024:19:53:40 +0200] "GET /basics.php HTTP/1.1" 200 3420
